2025-11-20,21:57:40 | INFO | Running with a single process. Device cuda:0.
2025-11-20,21:57:40 | INFO | Loaded hf-hub:thaottn/OpenCLIP-resnet50-CC12M model config.
2025-11-20,21:57:41 | INFO | Loading pretrained hf-hub:thaottn/OpenCLIP-resnet50-CC12M weights (/home/m.ismail/.cache/huggingface/hub/models--thaottn--OpenCLIP-resnet50-CC12M/snapshots/7a644e692faafe051a227f8e71d42fa5f179dfba/open_clip_pytorch_model.bin).
2025-11-20,21:57:42 | INFO | Model:
2025-11-20,21:57:42 | INFO | CLIP(
  (visual): ModifiedResNet(
    (conv1): Conv2d(3, 32, kernel_size=(3, 3), stride=(2, 2), padding=(1, 1), bias=False)
    (bn1): BatchNorm2d(32, eps=1e-05, momentum=0.1, affine=True, track_running_stats=True)
    (act1): ReLU(inplace=True)
    (conv2): Conv2d(32, 32, kernel_size=(3, 3), stride=(1, 1), padding=(1, 1), bias=False)
    (bn2): BatchNorm2d(32, eps=1e-05, momentum=0.1, affine=True, track_running_stats=True)
    (act2): ReLU(inplace=True)
    (conv3): Conv2d(32, 64, kernel_size=(3, 3), stride=(1, 1), padding=(1, 1), bias=False)
    (bn3): BatchNorm2d(64, eps=1e-05, momentum=0.1, affine=True, track_running_stats=True)
    (act3): ReLU(inplace=True)
    (avgpool): AvgPool2d(kernel_size=2, stride=2, padding=0)
    (layer1): Sequential(
      (0): Bottleneck(
        (conv1): Conv2d(64, 64, kernel_size=(1, 1), stride=(1, 1), bias=False)
        (bn1): BatchNorm2d(64, eps=1e-05, momentum=0.1, affine=True, track_running_stats=True)
        (act1): ReLU(inplace=True)
        (conv2): Conv2d(64, 64, kernel_size=(3, 3), stride=(1, 1), padding=(1, 1), bias=False)
        (bn2): BatchNorm2d(64, eps=1e-05, momentum=0.1, affine=True, track_running_stats=True)
        (act2): ReLU(inplace=True)
        (avgpool): Identity()
        (conv3): Conv2d(64, 256, kernel_size=(1, 1), stride=(1, 1), bias=False)
        (bn3): BatchNorm2d(256, eps=1e-05, momentum=0.1, affine=True, track_running_stats=True)
        (act3): ReLU(inplace=True)
        (downsample): Sequential(
          (-1): AvgPool2d(kernel_size=1, stride=1, padding=0)
          (0): Conv2d(64, 256, kernel_size=(1, 1), stride=(1, 1), bias=False)
          (1): BatchNorm2d(256, eps=1e-05, momentum=0.1, affine=True, track_running_stats=True)
        )
      )
      (1): Bottleneck(
        (conv1): Conv2d(256, 64, kernel_size=(1, 1), stride=(1, 1), bias=False)
        (bn1): BatchNorm2d(64, eps=1e-05, momentum=0.1, affine=True, track_running_stats=True)
        (act1): ReLU(inplace=True)
        (conv2): Conv2d(64, 64, kernel_size=(3, 3), stride=(1, 1), padding=(1, 1), bias=False)
        (bn2): BatchNorm2d(64, eps=1e-05, momentum=0.1, affine=True, track_running_stats=True)
        (act2): ReLU(inplace=True)
        (avgpool): Identity()
        (conv3): Conv2d(64, 256, kernel_size=(1, 1), stride=(1, 1), bias=False)
        (bn3): BatchNorm2d(256, eps=1e-05, momentum=0.1, affine=True, track_running_stats=True)
        (act3): ReLU(inplace=True)
      )
      (2): Bottleneck(
        (conv1): Conv2d(256, 64, kernel_size=(1, 1), stride=(1, 1), bias=False)
        (bn1): BatchNorm2d(64, eps=1e-05, momentum=0.1, affine=True, track_running_stats=True)
        (act1): ReLU(inplace=True)
        (conv2): Conv2d(64, 64, kernel_size=(3, 3), stride=(1, 1), padding=(1, 1), bias=False)
        (bn2): BatchNorm2d(64, eps=1e-05, momentum=0.1, affine=True, track_running_stats=True)
        (act2): ReLU(inplace=True)
        (avgpool): Identity()
        (conv3): Conv2d(64, 256, kernel_size=(1, 1), stride=(1, 1), bias=False)
        (bn3): BatchNorm2d(256, eps=1e-05, momentum=0.1, affine=True, track_running_stats=True)
        (act3): ReLU(inplace=True)
      )
    )
    (layer2): Sequential(
      (0): Bottleneck(
        (conv1): Conv2d(256, 128, kernel_size=(1, 1), stride=(1, 1), bias=False)
        (bn1): BatchNorm2d(128, eps=1e-05, momentum=0.1, affine=True, track_running_stats=True)
        (act1): ReLU(inplace=True)
        (conv2): Conv2d(128, 128, kernel_size=(3, 3), stride=(1, 1), padding=(1, 1), bias=False)
        (bn2): BatchNorm2d(128, eps=1e-05, momentum=0.1, affine=True, track_running_stats=True)
        (act2): ReLU(inplace=True)
        (avgpool): AvgPool2d(kernel_size=2, stride=2, padding=0)
        (conv3): Conv2d(128, 512, kernel_size=(1, 1), stride=(1, 1), bias=False)
        (bn3): BatchNorm2d(512, eps=1e-05, momentum=0.1, affine=True, track_running_stats=True)
        (act3): ReLU(inplace=True)
        (downsample): Sequential(
          (-1): AvgPool2d(kernel_size=2, stride=2, padding=0)
          (0): Conv2d(256, 512, kernel_size=(1, 1), stride=(1, 1), bias=False)
          (1): BatchNorm2d(512, eps=1e-05, momentum=0.1, affine=True, track_running_stats=True)
        )
      )
      (1): Bottleneck(
        (conv1): Conv2d(512, 128, kernel_size=(1, 1), stride=(1, 1), bias=False)
        (bn1): BatchNorm2d(128, eps=1e-05, momentum=0.1, affine=True, track_running_stats=True)
        (act1): ReLU(inplace=True)
        (conv2): Conv2d(128, 128, kernel_size=(3, 3), stride=(1, 1), padding=(1, 1), bias=False)
        (bn2): BatchNorm2d(128, eps=1e-05, momentum=0.1, affine=True, track_running_stats=True)
        (act2): ReLU(inplace=True)
        (avgpool): Identity()
        (conv3): Conv2d(128, 512, kernel_size=(1, 1), stride=(1, 1), bias=False)
        (bn3): BatchNorm2d(512, eps=1e-05, momentum=0.1, affine=True, track_running_stats=True)
        (act3): ReLU(inplace=True)
      )
      (2): Bottleneck(
        (conv1): Conv2d(512, 128, kernel_size=(1, 1), stride=(1, 1), bias=False)
        (bn1): BatchNorm2d(128, eps=1e-05, momentum=0.1, affine=True, track_running_stats=True)
        (act1): ReLU(inplace=True)
        (conv2): Conv2d(128, 128, kernel_size=(3, 3), stride=(1, 1), padding=(1, 1), bias=False)
        (bn2): BatchNorm2d(128, eps=1e-05, momentum=0.1, affine=True, track_running_stats=True)
        (act2): ReLU(inplace=True)
        (avgpool): Identity()
        (conv3): Conv2d(128, 512, kernel_size=(1, 1), stride=(1, 1), bias=False)
        (bn3): BatchNorm2d(512, eps=1e-05, momentum=0.1, affine=True, track_running_stats=True)
        (act3): ReLU(inplace=True)
      )
      (3): Bottleneck(
        (conv1): Conv2d(512, 128, kernel_size=(1, 1), stride=(1, 1), bias=False)
        (bn1): BatchNorm2d(128, eps=1e-05, momentum=0.1, affine=True, track_running_stats=True)
        (act1): ReLU(inplace=True)
        (conv2): Conv2d(128, 128, kernel_size=(3, 3), stride=(1, 1), padding=(1, 1), bias=False)
        (bn2): BatchNorm2d(128, eps=1e-05, momentum=0.1, affine=True, track_running_stats=True)
        (act2): ReLU(inplace=True)
        (avgpool): Identity()
        (conv3): Conv2d(128, 512, kernel_size=(1, 1), stride=(1, 1), bias=False)
        (bn3): BatchNorm2d(512, eps=1e-05, momentum=0.1, affine=True, track_running_stats=True)
        (act3): ReLU(inplace=True)
      )
    )
    (layer3): Sequential(
      (0): Bottleneck(
        (conv1): Conv2d(512, 256, kernel_size=(1, 1), stride=(1, 1), bias=False)
        (bn1): BatchNorm2d(256, eps=1e-05, momentum=0.1, affine=True, track_running_stats=True)
        (act1): ReLU(inplace=True)
        (conv2): Conv2d(256, 256, kernel_size=(3, 3), stride=(1, 1), padding=(1, 1), bias=False)
        (bn2): BatchNorm2d(256, eps=1e-05, momentum=0.1, affine=True, track_running_stats=True)
        (act2): ReLU(inplace=True)
        (avgpool): AvgPool2d(kernel_size=2, stride=2, padding=0)
        (conv3): Conv2d(256, 1024, kernel_size=(1, 1), stride=(1, 1), bias=False)
        (bn3): BatchNorm2d(1024, eps=1e-05, momentum=0.1, affine=True, track_running_stats=True)
        (act3): ReLU(inplace=True)
        (downsample): Sequential(
          (-1): AvgPool2d(kernel_size=2, stride=2, padding=0)
          (0): Conv2d(512, 1024, kernel_size=(1, 1), stride=(1, 1), bias=False)
          (1): BatchNorm2d(1024, eps=1e-05, momentum=0.1, affine=True, track_running_stats=True)
        )
      )
      (1): Bottleneck(
        (conv1): Conv2d(1024, 256, kernel_size=(1, 1), stride=(1, 1), bias=False)
        (bn1): BatchNorm2d(256, eps=1e-05, momentum=0.1, affine=True, track_running_stats=True)
        (act1): ReLU(inplace=True)
        (conv2): Conv2d(256, 256, kernel_size=(3, 3), stride=(1, 1), padding=(1, 1), bias=False)
        (bn2): BatchNorm2d(256, eps=1e-05, momentum=0.1, affine=True, track_running_stats=True)
        (act2): ReLU(inplace=True)
        (avgpool): Identity()
        (conv3): Conv2d(256, 1024, kernel_size=(1, 1), stride=(1, 1), bias=False)
        (bn3): BatchNorm2d(1024, eps=1e-05, momentum=0.1, affine=True, track_running_stats=True)
        (act3): ReLU(inplace=True)
      )
      (2): Bottleneck(
        (conv1): Conv2d(1024, 256, kernel_size=(1, 1), stride=(1, 1), bias=False)
        (bn1): BatchNorm2d(256, eps=1e-05, momentum=0.1, affine=True, track_running_stats=True)
        (act1): ReLU(inplace=True)
        (conv2): Conv2d(256, 256, kernel_size=(3, 3), stride=(1, 1), padding=(1, 1), bias=False)
        (bn2): BatchNorm2d(256, eps=1e-05, momentum=0.1, affine=True, track_running_stats=True)
        (act2): ReLU(inplace=True)
        (avgpool): Identity()
        (conv3): Conv2d(256, 1024, kernel_size=(1, 1), stride=(1, 1), bias=False)
        (bn3): BatchNorm2d(1024, eps=1e-05, momentum=0.1, affine=True, track_running_stats=True)
        (act3): ReLU(inplace=True)
      )
      (3): Bottleneck(
        (conv1): Conv2d(1024, 256, kernel_size=(1, 1), stride=(1, 1), bias=False)
        (bn1): BatchNorm2d(256, eps=1e-05, momentum=0.1, affine=True, track_running_stats=True)
        (act1): ReLU(inplace=True)
        (conv2): Conv2d(256, 256, kernel_size=(3, 3), stride=(1, 1), padding=(1, 1), bias=False)
        (bn2): BatchNorm2d(256, eps=1e-05, momentum=0.1, affine=True, track_running_stats=True)
        (act2): ReLU(inplace=True)
        (avgpool): Identity()
        (conv3): Conv2d(256, 1024, kernel_size=(1, 1), stride=(1, 1), bias=False)
        (bn3): BatchNorm2d(1024, eps=1e-05, momentum=0.1, affine=True, track_running_stats=True)
        (act3): ReLU(inplace=True)
      )
      (4): Bottleneck(
        (conv1): Conv2d(1024, 256, kernel_size=(1, 1), stride=(1, 1), bias=False)
        (bn1): BatchNorm2d(256, eps=1e-05, momentum=0.1, affine=True, track_running_stats=True)
        (act1): ReLU(inplace=True)
        (conv2): Conv2d(256, 256, kernel_size=(3, 3), stride=(1, 1), padding=(1, 1), bias=False)
        (bn2): BatchNorm2d(256, eps=1e-05, momentum=0.1, affine=True, track_running_stats=True)
        (act2): ReLU(inplace=True)
        (avgpool): Identity()
        (conv3): Conv2d(256, 1024, kernel_size=(1, 1), stride=(1, 1), bias=False)
        (bn3): BatchNorm2d(1024, eps=1e-05, momentum=0.1, affine=True, track_running_stats=True)
        (act3): ReLU(inplace=True)
      )
      (5): Bottleneck(
        (conv1): Conv2d(1024, 256, kernel_size=(1, 1), stride=(1, 1), bias=False)
        (bn1): BatchNorm2d(256, eps=1e-05, momentum=0.1, affine=True, track_running_stats=True)
        (act1): ReLU(inplace=True)
        (conv2): Conv2d(256, 256, kernel_size=(3, 3), stride=(1, 1), padding=(1, 1), bias=False)
        (bn2): BatchNorm2d(256, eps=1e-05, momentum=0.1, affine=True, track_running_stats=True)
        (act2): ReLU(inplace=True)
        (avgpool): Identity()
        (conv3): Conv2d(256, 1024, kernel_size=(1, 1), stride=(1, 1), bias=False)
        (bn3): BatchNorm2d(1024, eps=1e-05, momentum=0.1, affine=True, track_running_stats=True)
        (act3): ReLU(inplace=True)
      )
    )
    (layer4): Sequential(
      (0): Bottleneck(
        (conv1): Conv2d(1024, 512, kernel_size=(1, 1), stride=(1, 1), bias=False)
        (bn1): BatchNorm2d(512, eps=1e-05, momentum=0.1, affine=True, track_running_stats=True)
        (act1): ReLU(inplace=True)
        (conv2): Conv2d(512, 512, kernel_size=(3, 3), stride=(1, 1), padding=(1, 1), bias=False)
        (bn2): BatchNorm2d(512, eps=1e-05, momentum=0.1, affine=True, track_running_stats=True)
        (act2): ReLU(inplace=True)
        (avgpool): AvgPool2d(kernel_size=2, stride=2, padding=0)
        (conv3): Conv2d(512, 2048, kernel_size=(1, 1), stride=(1, 1), bias=False)
        (bn3): BatchNorm2d(2048, eps=1e-05, momentum=0.1, affine=True, track_running_stats=True)
        (act3): ReLU(inplace=True)
        (downsample): Sequential(
          (-1): AvgPool2d(kernel_size=2, stride=2, padding=0)
          (0): Conv2d(1024, 2048, kernel_size=(1, 1), stride=(1, 1), bias=False)
          (1): BatchNorm2d(2048, eps=1e-05, momentum=0.1, affine=True, track_running_stats=True)
        )
      )
      (1): Bottleneck(
        (conv1): Conv2d(2048, 512, kernel_size=(1, 1), stride=(1, 1), bias=False)
        (bn1): BatchNorm2d(512, eps=1e-05, momentum=0.1, affine=True, track_running_stats=True)
        (act1): ReLU(inplace=True)
        (conv2): Conv2d(512, 512, kernel_size=(3, 3), stride=(1, 1), padding=(1, 1), bias=False)
        (bn2): BatchNorm2d(512, eps=1e-05, momentum=0.1, affine=True, track_running_stats=True)
        (act2): ReLU(inplace=True)
        (avgpool): Identity()
        (conv3): Conv2d(512, 2048, kernel_size=(1, 1), stride=(1, 1), bias=False)
        (bn3): BatchNorm2d(2048, eps=1e-05, momentum=0.1, affine=True, track_running_stats=True)
        (act3): ReLU(inplace=True)
      )
      (2): Bottleneck(
        (conv1): Conv2d(2048, 512, kernel_size=(1, 1), stride=(1, 1), bias=False)
        (bn1): BatchNorm2d(512, eps=1e-05, momentum=0.1, affine=True, track_running_stats=True)
        (act1): ReLU(inplace=True)
        (conv2): Conv2d(512, 512, kernel_size=(3, 3), stride=(1, 1), padding=(1, 1), bias=False)
        (bn2): BatchNorm2d(512, eps=1e-05, momentum=0.1, affine=True, track_running_stats=True)
        (act2): ReLU(inplace=True)
        (avgpool): Identity()
        (conv3): Conv2d(512, 2048, kernel_size=(1, 1), stride=(1, 1), bias=False)
        (bn3): BatchNorm2d(2048, eps=1e-05, momentum=0.1, affine=True, track_running_stats=True)
        (act3): ReLU(inplace=True)
      )
    )
    (attnpool): AttentionPool2d(
      (k_proj): Linear(in_features=2048, out_features=2048, bias=True)
      (q_proj): Linear(in_features=2048, out_features=2048, bias=True)
      (v_proj): Linear(in_features=2048, out_features=2048, bias=True)
      (c_proj): Linear(in_features=2048, out_features=1024, bias=True)
    )
  )
  (transformer): Transformer(
    (resblocks): ModuleList(
      (0-11): 12 x ResidualAttentionBlock(
        (ln_1): LayerNorm((512,), eps=1e-05, elementwise_affine=True)
        (attn): MultiheadAttention(
          (out_proj): NonDynamicallyQuantizableLinear(in_features=512, out_features=512, bias=True)
        )
        (ls_1): Identity()
        (ln_2): LayerNorm((512,), eps=1e-05, elementwise_affine=True)
        (mlp): Sequential(
          (c_fc): Linear(in_features=512, out_features=2048, bias=True)
          (gelu): GELU(approximate='none')
          (c_proj): Linear(in_features=2048, out_features=512, bias=True)
        )
        (ls_2): Identity()
      )
    )
  )
  (token_embedding): Embedding(49408, 512)
  (ln_final): LayerNorm((512,), eps=1e-05, elementwise_affine=True)
)
2025-11-20,21:57:42 | INFO | Params:
2025-11-20,21:57:42 | INFO |   accum_freq: 1
2025-11-20,21:57:42 | INFO |   aug_cfg: {}
2025-11-20,21:57:42 | INFO |   batch_size: 64
2025-11-20,21:57:42 | INFO |   beta1: 0.9
2025-11-20,21:57:42 | INFO |   beta2: 0.999
2025-11-20,21:57:42 | INFO |   checkpoint_path: ./logs/2025_11_20-21_57_40-model_hf-hub:thaottn-OpenCLIP-resnet50-CC12M-lr_0.0001-b_64-j_2-p_amp/checkpoints
2025-11-20,21:57:42 | INFO |   coca_caption_loss_weight: 2.0
2025-11-20,21:57:42 | INFO |   coca_contrastive_loss_weight: 1.0
2025-11-20,21:57:42 | INFO |   copy_codebase: False
2025-11-20,21:57:42 | INFO |   csv_caption_key: title
2025-11-20,21:57:42 | INFO |   csv_img_key: filepath
2025-11-20,21:57:42 | INFO |   csv_separator: 	
2025-11-20,21:57:42 | INFO |   dataset_resampled: False
2025-11-20,21:57:42 | INFO |   dataset_type: IUXray
2025-11-20,21:57:42 | INFO |   ddp_static_graph: False
2025-11-20,21:57:42 | INFO |   debug: False
2025-11-20,21:57:42 | INFO |   delete_previous_checkpoint: False
2025-11-20,21:57:42 | INFO |   device: cuda:0
2025-11-20,21:57:42 | INFO |   dist_backend: nccl
2025-11-20,21:57:42 | INFO |   dist_url: env://
2025-11-20,21:57:42 | INFO |   distill: False
2025-11-20,21:57:42 | INFO |   distill_model: None
2025-11-20,21:57:42 | INFO |   distill_pretrained: None
2025-11-20,21:57:42 | INFO |   distributed: False
2025-11-20,21:57:42 | INFO |   epochs: 360
2025-11-20,21:57:42 | INFO |   epochs_cooldown: None
2025-11-20,21:57:42 | INFO |   eps: 1e-08
2025-11-20,21:57:42 | INFO |   force_custom_text: False
2025-11-20,21:57:42 | INFO |   force_image_size: None
2025-11-20,21:57:42 | INFO |   force_patch_dropout: None
2025-11-20,21:57:42 | INFO |   force_quick_gelu: False
2025-11-20,21:57:42 | INFO |   gather_with_grad: False
2025-11-20,21:57:42 | INFO |   grad_checkpointing: False
2025-11-20,21:57:42 | INFO |   grad_clip_norm: None
2025-11-20,21:57:42 | INFO |   horovod: False
2025-11-20,21:57:42 | INFO |   image_interpolation: None
2025-11-20,21:57:42 | INFO |   image_mean: None
2025-11-20,21:57:42 | INFO |   image_resize_mode: None
2025-11-20,21:57:42 | INFO |   image_std: None
2025-11-20,21:57:42 | INFO |   imagenet_v2: None
2025-11-20,21:57:42 | INFO |   imagenet_val: None
2025-11-20,21:57:42 | INFO |   img_root: /home/m.ismail/MMed-RAG/iu_xray/iu_xray/images
2025-11-20,21:57:42 | INFO |   local_loss: False
2025-11-20,21:57:42 | INFO |   local_rank: 0
2025-11-20,21:57:42 | INFO |   lock_image: False
2025-11-20,21:57:42 | INFO |   lock_image_freeze_bn_stats: False
2025-11-20,21:57:42 | INFO |   lock_image_unlocked_groups: 0
2025-11-20,21:57:42 | INFO |   lock_text: False
2025-11-20,21:57:42 | INFO |   lock_text_freeze_layer_norm: False
2025-11-20,21:57:42 | INFO |   lock_text_unlocked_layers: 0
2025-11-20,21:57:42 | INFO |   log_every_n_steps: 100
2025-11-20,21:57:42 | INFO |   log_level: 20
2025-11-20,21:57:42 | INFO |   log_local: False
2025-11-20,21:57:42 | INFO |   log_path: ./logs/2025_11_20-21_57_40-model_hf-hub:thaottn-OpenCLIP-resnet50-CC12M-lr_0.0001-b_64-j_2-p_amp/out.log
2025-11-20,21:57:42 | INFO |   logs: ./logs/
2025-11-20,21:57:42 | INFO |   lr: 0.0001
2025-11-20,21:57:42 | INFO |   lr_cooldown_end: 0.0
2025-11-20,21:57:42 | INFO |   lr_cooldown_power: 1.0
2025-11-20,21:57:42 | INFO |   lr_scheduler: cosine
2025-11-20,21:57:42 | INFO |   model: hf-hub:thaottn/OpenCLIP-resnet50-CC12M
2025-11-20,21:57:42 | INFO |   name: 2025_11_20-21_57_40-model_hf-hub:thaottn-OpenCLIP-resnet50-CC12M-lr_0.0001-b_64-j_2-p_amp
2025-11-20,21:57:42 | INFO |   no_set_device_rank: False
2025-11-20,21:57:42 | INFO |   precision: amp
2025-11-20,21:57:42 | INFO |   pretrained: 
2025-11-20,21:57:42 | INFO |   pretrained_image: False
2025-11-20,21:57:42 | INFO |   rank: 0
2025-11-20,21:57:42 | INFO |   remote_sync: None
2025-11-20,21:57:42 | INFO |   remote_sync_frequency: 300
2025-11-20,21:57:42 | INFO |   remote_sync_protocol: s3
2025-11-20,21:57:42 | INFO |   report_to: tensorboard
2025-11-20,21:57:42 | INFO |   resume: None
2025-11-20,21:57:42 | INFO |   resume_id: None
2025-11-20,21:57:42 | INFO |   retrieve_output_path: test_retrieve
2025-11-20,21:57:42 | INFO |   retrieve_topk: 1
2025-11-20,21:57:42 | INFO |   save_frequency: 1
2025-11-20,21:57:42 | INFO |   save_most_recent: False
2025-11-20,21:57:42 | INFO |   seed: 0
2025-11-20,21:57:42 | INFO |   siglip: False
2025-11-20,21:57:42 | INFO |   skip_scheduler: False
2025-11-20,21:57:42 | INFO |   tensorboard: True
2025-11-20,21:57:42 | INFO |   tensorboard_path: ./logs/2025_11_20-21_57_40-model_hf-hub:thaottn-OpenCLIP-resnet50-CC12M-lr_0.0001-b_64-j_2-p_amp/tensorboard
2025-11-20,21:57:42 | INFO |   torchcompile: False
2025-11-20,21:57:42 | INFO |   torchscript: False
2025-11-20,21:57:42 | INFO |   trace: False
2025-11-20,21:57:42 | INFO |   train_data: /home/m.ismail/MMed-RAG/data/training/retriever/radiology/radiology_train.json
2025-11-20,21:57:42 | INFO |   train_data_upsampling_factors: None
2025-11-20,21:57:42 | INFO |   train_num_samples: None
2025-11-20,21:57:42 | INFO |   use_bn_sync: False
2025-11-20,21:57:42 | INFO |   use_bnb_linear: None
2025-11-20,21:57:42 | INFO |   val_data: /home/m.ismail/MMed-RAG/data/training/retriever/radiology/radiology_val.json
2025-11-20,21:57:42 | INFO |   val_frequency: 10
2025-11-20,21:57:42 | INFO |   val_num_samples: None
2025-11-20,21:57:42 | INFO |   wandb: False
2025-11-20,21:57:42 | INFO |   wandb_notes: 
2025-11-20,21:57:42 | INFO |   wandb_project_name: open-clip
2025-11-20,21:57:42 | INFO |   warmup: 10000
2025-11-20,21:57:42 | INFO |   wd: 0.2
2025-11-20,21:57:42 | INFO |   workers: 2
2025-11-20,21:57:42 | INFO |   world_size: 1
2025-11-20,21:57:42 | INFO |   zeroshot_frequency: 2
2025-11-20,21:57:42 | INFO | Start epoch 0
2025-11-20,21:57:48 | INFO | Train Epoch: 0 [  64/1034 (6%)] Data (t): 2.635 Batch (t): 5.883, 10.8781/s, 10.8781/s/gpu LR: 0.000000 Logit Scale: 78.603 Contrastive_loss: 8.4722 (8.4722) Loss: 8.4722 (8.4722)
2025-11-20,21:57:55 | INFO | Train Epoch: 0 [1024/1034 (100%)] Data (t): 0.273 Batch (t): 0.462, 116.851/s, 116.851/s/gpu LR: 0.000000 Logit Scale: 78.603 Contrastive_loss: 8.9783 (8.7252) Loss: 8.9783 (8.7252)
2025-11-20,21:57:55 | INFO | Start epoch 1
2025-11-20,21:57:56 | INFO | Train Epoch: 1 [  64/1034 (6%)] Data (t): 1.080 Batch (t): 1.254, 51.0558/s, 51.0558/s/gpu LR: 0.000000 Logit Scale: 78.603 Contrastive_loss: 8.9399 (8.9399) Loss: 8.9399 (8.9399)
2025-11-20,21:58:04 | INFO | Train Epoch: 1 [1024/1034 (100%)] Data (t): 0.347 Batch (t): 0.532, 371.742/s, 371.742/s/gpu LR: 0.000000 Logit Scale: 78.603 Contrastive_loss: 8.9793 (8.9596) Loss: 8.9793 (8.9596)
2025-11-20,21:58:04 | INFO | Start epoch 2
2025-11-20,21:58:05 | INFO | Train Epoch: 2 [  64/1034 (6%)] Data (t): 1.025 Batch (t): 1.207, 53.0178/s, 53.0178/s/gpu LR: 0.000000 Logit Scale: 78.603 Contrastive_loss: 9.0514 (9.0514) Loss: 9.0514 (9.0514)
2025-11-20,21:58:13 | INFO | Train Epoch: 2 [1024/1034 (100%)] Data (t): 0.344 Batch (t): 0.528, 371.364/s, 371.364/s/gpu LR: 0.000000 Logit Scale: 78.603 Contrastive_loss: 9.1231 (9.0872) Loss: 9.1231 (9.0872)
2025-11-20,21:58:13 | INFO | Start epoch 3
2025-11-20,21:58:15 | INFO | Train Epoch: 3 [  64/1034 (6%)] Data (t): 1.099 Batch (t): 1.285, 49.8081/s, 49.8081/s/gpu LR: 0.000000 Logit Scale: 78.603 Contrastive_loss: 9.1233 (9.1233) Loss: 9.1233 (9.1233)
2025-11-20,21:58:22 | INFO | Train Epoch: 3 [1024/1034 (100%)] Data (t): 0.338 Batch (t): 0.522, 258.347/s, 258.347/s/gpu LR: 0.000001 Logit Scale: 78.602 Contrastive_loss: 8.8370 (8.9802) Loss: 8.8370 (8.9802)
2025-11-20,21:58:22 | INFO | Start epoch 4
2025-11-20,21:58:24 | INFO | Train Epoch: 4 [  64/1034 (6%)] Data (t): 1.081 Batch (t): 1.255, 50.9812/s, 50.9812/s/gpu LR: 0.000001 Logit Scale: 78.602 Contrastive_loss: 8.2903 (8.2903) Loss: 8.2903 (8.2903)
2025-11-20,21:58:31 | INFO | Train Epoch: 4 [1024/1034 (100%)] Data (t): 0.335 Batch (t): 0.519, 370.482/s, 370.482/s/gpu LR: 0.000001 Logit Scale: 78.601 Contrastive_loss: 8.7654 (8.5278) Loss: 8.7654 (8.5278)
2025-11-20,21:58:32 | INFO | Start epoch 5
2025-11-20,21:58:33 | INFO | Train Epoch: 5 [  64/1034 (6%)] Data (t): 1.104 Batch (t): 1.286, 49.7633/s, 49.7633/s/gpu LR: 0.000001 Logit Scale: 78.601 Contrastive_loss: 8.9541 (8.9541) Loss: 8.9541 (8.9541)
2025-11-20,21:58:41 | INFO | Train Epoch: 5 [1024/1034 (100%)] Data (t): 0.330 Batch (t): 0.520, 371.409/s, 371.409/s/gpu LR: 0.000001 Logit Scale: 78.600 Contrastive_loss: 7.8258 (8.3899) Loss: 7.8258 (8.3899)
2025-11-20,21:58:41 | INFO | Start epoch 6
2025-11-20,21:58:42 | INFO | Train Epoch: 6 [  64/1034 (6%)] Data (t): 1.051 Batch (t): 1.241, 51.5522/s, 51.5522/s/gpu LR: 0.000001 Logit Scale: 78.600 Contrastive_loss: 8.2704 (8.2704) Loss: 8.2704 (8.2704)
2025-11-20,21:58:50 | INFO | Train Epoch: 6 [1024/1034 (100%)] Data (t): 0.346 Batch (t): 0.534, 287.753/s, 287.753/s/gpu LR: 0.000001 Logit Scale: 78.599 Contrastive_loss: 7.6088 (7.9396) Loss: 7.6088 (7.9396)
2025-11-20,21:58:50 | INFO | Start epoch 7
2025-11-20,21:58:51 | INFO | Train Epoch: 7 [  64/1034 (6%)] Data (t): 1.062 Batch (t): 1.265, 50.6029/s, 50.6029/s/gpu LR: 0.000001 Logit Scale: 78.599 Contrastive_loss: 7.7911 (7.7911) Loss: 7.7911 (7.7911)
2025-11-20,21:58:59 | INFO | Train Epoch: 7 [1024/1034 (100%)] Data (t): 0.353 Batch (t): 0.538, 291.125/s, 291.125/s/gpu LR: 0.000001 Logit Scale: 78.598 Contrastive_loss: 7.4494 (7.6202) Loss: 7.4494 (7.6202)
2025-11-20,21:58:59 | INFO | Start epoch 8
2025-11-20,21:59:01 | INFO | Train Epoch: 8 [  64/1034 (6%)] Data (t): 1.027 Batch (t): 1.195, 53.5481/s, 53.5481/s/gpu LR: 0.000001 Logit Scale: 78.598 Contrastive_loss: 7.9627 (7.9627) Loss: 7.9627 (7.9627)
2025-11-20,21:59:09 | INFO | Train Epoch: 8 [1024/1034 (100%)] Data (t): 0.351 Batch (t): 0.532, 308.664/s, 308.664/s/gpu LR: 0.000001 Logit Scale: 78.596 Contrastive_loss: 6.7332 (7.3479) Loss: 6.7332 (7.3479)
2025-11-20,21:59:09 | INFO | Start epoch 9
2025-11-20,21:59:10 | INFO | Train Epoch: 9 [  64/1034 (6%)] Data (t): 1.058 Batch (t): 1.240, 51.6293/s, 51.6293/s/gpu LR: 0.000001 Logit Scale: 78.596 Contrastive_loss: 6.7446 (6.7446) Loss: 6.7446 (6.7446)
2025-11-20,21:59:18 | INFO | Train Epoch: 9 [1024/1034 (100%)] Data (t): 0.344 Batch (t): 0.524, 312.043/s, 312.043/s/gpu LR: 0.000002 Logit Scale: 78.595 Contrastive_loss: 6.7603 (6.7525) Loss: 6.7603 (6.7525)
2025-11-20,21:59:19 | INFO | Eval Epoch: 10 [64 / 1035]	Clip Loss: 7.737663	
2025-11-20,21:59:26 | INFO | Eval Epoch: 10 image_to_text_mean_rank: 499.6174	image_to_text_median_rank: 486.0000	image_to_text_R@1: 0.0010	image_to_text_R@5: 0.0039	image_to_text_R@10: 0.0058	text_to_image_mean_rank: 505.7981	text_to_image_median_rank: 502.0000	text_to_image_R@1: 0.0000	text_to_image_R@5: 0.0048	text_to_image_R@10: 0.0126	clip_val_loss: 7.4311	epoch: 10.0000	num_samples: 1035.0000
2025-11-20,21:59:35 | INFO | Start epoch 10
2025-11-20,21:59:36 | INFO | Train Epoch: 10 [  64/1034 (6%)] Data (t): 1.119 Batch (t): 1.376, 46.5020/s, 46.5020/s/gpu LR: 0.000002 Logit Scale: 78.595 Contrastive_loss: 7.1642 (7.1642) Loss: 7.1642 (7.1642)
2025-11-20,21:59:44 | INFO | Train Epoch: 10 [1024/1034 (100%)] Data (t): 0.330 Batch (t): 0.515, 372.539/s, 372.539/s/gpu LR: 0.000002 Logit Scale: 78.593 Contrastive_loss: 6.1478 (6.6560) Loss: 6.1478 (6.6560)
2025-11-20,21:59:44 | INFO | Start epoch 11
2025-11-20,21:59:46 | INFO | Train Epoch: 11 [  64/1034 (6%)] Data (t): 1.115 Batch (t): 1.310, 48.8583/s, 48.8583/s/gpu LR: 0.000002 Logit Scale: 78.593 Contrastive_loss: 6.1687 (6.1687) Loss: 6.1687 (6.1687)
2025-11-20,21:59:53 | INFO | Train Epoch: 11 [1024/1034 (100%)] Data (t): 0.336 Batch (t): 0.521, 369.751/s, 369.751/s/gpu LR: 0.000002 Logit Scale: 78.591 Contrastive_loss: 6.5893 (6.3790) Loss: 6.5893 (6.3790)
2025-11-20,21:59:53 | INFO | Start epoch 12
2025-11-20,21:59:55 | INFO | Train Epoch: 12 [  64/1034 (6%)] Data (t): 1.119 Batch (t): 1.322, 48.3966/s, 48.3966/s/gpu LR: 0.000002 Logit Scale: 78.591 Contrastive_loss: 6.7673 (6.7673) Loss: 6.7673 (6.7673)
